
=== Fri Sep 27 00:55:49 2024

Packages were changed.
Update Mode: updateDependencies

The following packages were added:
  com.unity.ai.navigation@2.0.0
  com.unity.modules.accessibility@1.0.0
The following packages were updated:
  com.unity.2d.animation from version 5.0.3 to 10.0.3
  com.unity.2d.pixel-perfect from version 4.0.1 to 5.0.3
  com.unity.2d.psdimporter from version 4.0.2 to 9.0.1
  com.unity.2d.spriteshape from version 5.1.0 to 10.0.2
  com.unity.2d.tilemap.extras from version 1.8.1-preview to 4.0.2
  com.unity.collab-proxy from version 1.3.9 to 2.2.0
  com.unity.ide.rider from version 2.0.7 to 3.0.26
  com.unity.ide.visualstudio from version 2.0.5 to 2.0.22
  com.unity.test-framework from version 1.1.20 to 1.3.9
  com.unity.timeline from version 1.4.6 to 1.8.6
  com.unity.ugui from version 1.0.0 to 2.0.0
The following packages were removed:
  com.unity.textmeshpro@3.0.1

=== Fri Sep 27 02:39:32 2024

Packages were changed.
Update Mode: updateDependencies

The following packages were updated:
  com.unity.2d.animation from version 10.0.3 to 10.1.0
  com.unity.ide.rider from version 3.0.26 to 3.0.27
